\BOOKMARK [0][-]{chapter.1}{\376\377\000S\000e\000t\000s\000\040\000a\000n\000d\000\040\000C\000l\000a\000s\000s\000e\000s}{}% 1
\BOOKMARK [1][-]{section.1.1}{\376\377\000C\000l\000a\000s\000s\000e\000s}{chapter.1}% 2
\BOOKMARK [1][-]{section.1.2}{\376\377\000A\000x\000i\000o\000m\000s}{chapter.1}% 3
\BOOKMARK [1][-]{section.1.3}{\376\377\000B\000a\000s\000i\000c\000\040\000C\000o\000n\000s\000t\000r\000u\000c\000t\000i\000o\000n\000s\000\040\000o\000n\000\040\000S\000e\000t\000s}{chapter.1}% 4
\BOOKMARK [2][-]{subsection.1.3.1}{\376\377\000C\000o\000n\000s\000e\000q\000u\000e\000n\000c\000e\000s\000\040\000o\000f\000\040\000t\000h\000e\000\040\000A\000x\000i\000o\000m\000s}{section.1.3}% 5
\BOOKMARK [2][-]{subsection.1.3.2}{\376\377\000C\000o\000m\000p\000r\000e\000h\000e\000n\000s\000i\000o\000n}{section.1.3}% 6
\BOOKMARK [0][-]{chapter.2}{\376\377\000R\000e\000l\000a\000t\000i\000o\000n\000s}{}% 7
\BOOKMARK [1][-]{section.2.1}{\376\377\000O\000r\000d\000e\000r\000e\000d\000\040\000P\000a\000i\000r\000s}{chapter.2}% 8
\BOOKMARK [1][-]{section.2.2}{\376\377\000R\000e\000l\000a\000t\000i\000o\000n\000s}{chapter.2}% 9
\BOOKMARK [1][-]{section.2.3}{\376\377\000n\000-\000a\000r\000y\000\040\000R\000e\000l\000a\000t\000i\000o\000n\000s}{chapter.2}% 10
\BOOKMARK [1][-]{section.2.4}{\376\377\000E\000q\000u\000i\000v\000a\000l\000e\000n\000c\000e\000\040\000R\000e\000l\000a\000t\000i\000o\000n\000s}{chapter.2}% 11
\BOOKMARK [1][-]{section.2.5}{\376\377\000O\000r\000d\000e\000r\000i\000n\000g\000\040\000R\000e\000l\000a\000t\000i\000o\000n\000s}{chapter.2}% 12
\BOOKMARK [0][-]{chapter.3}{\376\377\000F\000u\000n\000c\000t\000i\000o\000n\000s}{}% 13
\BOOKMARK [1][-]{section.3.1}{\376\377\000F\000u\000n\000c\000t\000i\000o\000n\000s}{chapter.3}% 14
\BOOKMARK [1][-]{section.3.2}{\376\377\000D\000e\000p\000e\000n\000d\000e\000n\000t\000\040\000P\000r\000o\000d\000u\000c\000t\000\040\000S\000e\000t\000s}{chapter.3}% 15
\BOOKMARK [0][-]{chapter.4}{\376\377\000C\000o\000m\000p\000l\000e\000x\000\040\000A\000n\000a\000l\000y\000s\000i\000s}{}% 16
\BOOKMARK [-1][-]{part.1}{\376\377\000I\000\040\000L\000i\000n\000e\000a\000r\000\040\000A\000l\000g\000e\000b\000r\000a}{}% 17
\BOOKMARK [0][-]{chapter.5}{\376\377\000V\000e\000c\000t\000o\000r\000\040\000S\000p\000a\000c\000e\000s}{part.1}% 18
\BOOKMARK [1][-]{section.5.1}{\376\377\000V\000e\000c\000t\000o\000r\000\040\000S\000p\000a\000c\000e\000s}{chapter.5}% 19
\BOOKMARK [1][-]{section.5.2}{\376\377\000S\000u\000b\000s\000p\000a\000c\000e\000s}{chapter.5}% 20
\BOOKMARK [1][-]{section.5.3}{\376\377\000L\000i\000n\000e\000a\000r\000\040\000I\000n\000d\000e\000p\000e\000n\000d\000e\000n\000c\000e\000\040\000a\000n\000d\000\040\000B\000a\000s\000e\000s}{chapter.5}% 21
\BOOKMARK [1][-]{section.5.4}{\376\377\000L\000i\000n\000e\000a\000r\000\040\000M\000a\000p\000p\000i\000n\000g\000s}{chapter.5}% 22
\BOOKMARK [1][-]{section.5.5}{\376\377\000E\000i\000g\000e\000n\000v\000a\000l\000u\000e\000s\000\040\000a\000n\000d\000\040\000E\000i\000g\000e\000n\000v\000e\000c\000t\000o\000r\000s}{chapter.5}% 23
\BOOKMARK [0][-]{chapter.6}{\376\377\000N\000o\000r\000m\000e\000d\000\040\000S\000p\000a\000c\000e\000s}{part.1}% 24
\BOOKMARK [1][-]{section.6.1}{\376\377\000C\000o\000n\000v\000e\000r\000g\000e\000n\000c\000e}{chapter.6}% 25
\BOOKMARK [1][-]{section.6.2}{\376\377\000C\000o\000n\000t\000i\000n\000u\000o\000u\000s\000\040\000L\000i\000n\000e\000a\000r\000\040\000M\000a\000p\000p\000i\000n\000g\000s}{chapter.6}% 26
\BOOKMARK [1][-]{section.6.3}{\376\377\000B\000a\000n\000a\000c\000h\000\040\000S\000p\000a\000c\000e\000s}{chapter.6}% 27
\BOOKMARK [1][-]{section.6.4}{\376\377\000C\000o\000n\000t\000r\000a\000c\000t\000i\000o\000n\000\040\000M\000a\000p\000p\000i\000n\000g\000s}{chapter.6}% 28
\BOOKMARK [0][-]{chapter.7}{\376\377\000I\000n\000n\000e\000r\000\040\000P\000r\000o\000d\000u\000c\000t\000\040\000S\000p\000a\000c\000e\000s}{part.1}% 29
\BOOKMARK [1][-]{section.7.1}{\376\377\000O\000r\000t\000h\000o\000n\000o\000r\000m\000a\000l\000\040\000B\000a\000s\000e\000s}{chapter.7}% 30
\BOOKMARK [0][-]{chapter.8}{\376\377\000H\000i\000l\000b\000e\000r\000t\000\040\000S\000p\000a\000c\000e\000s}{part.1}% 31
