\BOOKMARK [0][-]{chapter.1}{\376\377\000P\000r\000i\000m\000i\000t\000i\000v\000e\000\040\000T\000e\000r\000m\000s\000\040\000a\000n\000d\000\040\000A\000x\000i\000o\000m\000s}{}% 1
\BOOKMARK [1][-]{section.1.1}{\376\377\000P\000r\000i\000m\000i\000t\000i\000v\000e\000\040\000T\000e\000r\000m\000s}{chapter.1}% 2
\BOOKMARK [1][-]{section.1.2}{\376\377\000A\000x\000i\000o\000m\000s}{chapter.1}% 3
\BOOKMARK [1][-]{section.1.3}{\376\377\000C\000o\000n\000s\000e\000q\000u\000e\000n\000c\000e\000s\000\040\000o\000f\000\040\000t\000h\000e\000\040\000A\000x\000i\000o\000m\000s}{chapter.1}% 4
\BOOKMARK [2][-]{subsection.1.3.1}{\376\377\000D\000e\000f\000i\000n\000i\000t\000i\000o\000n\000s}{section.1.3}% 5
\BOOKMARK [2][-]{subsection.1.3.2}{\376\377\000T\000h\000e\000\040\000E\000m\000p\000t\000y\000\040\000S\000e\000t}{section.1.3}% 6
\BOOKMARK [2][-]{subsection.1.3.3}{\376\377\000T\000h\000e\000\040\000S\000i\000n\000g\000l\000e\000t\000o\000n}{section.1.3}% 7
\BOOKMARK [2][-]{subsection.1.3.4}{\376\377\000S\000u\000b\000s\000e\000t\000s}{section.1.3}% 8
\BOOKMARK [1][-]{section.1.4}{\376\377\000C\000o\000m\000p\000o\000s\000i\000t\000i\000o\000n}{chapter.1}% 9
\BOOKMARK [1][-]{section.1.5}{\376\377\000A\000x\000i\000o\000m\000s\000\040\000P\000a\000r\000t\000\040\000T\000w\000o}{chapter.1}% 10
\BOOKMARK [1][-]{section.1.6}{\376\377\000C\000a\000r\000t\000e\000s\000i\000a\000n\000\040\000P\000r\000o\000d\000u\000c\000t}{chapter.1}% 11
\BOOKMARK [1][-]{section.1.7}{\376\377\000Q\000u\000o\000t\000i\000e\000n\000t\000\040\000S\000e\000t\000s}{chapter.1}% 12
\BOOKMARK [1][-]{section.1.8}{\376\377\000P\000a\000r\000t\000i\000t\000i\000o\000n\000s}{chapter.1}% 13
\BOOKMARK [0][-]{chapter.2}{\376\377\000C\000a\000t\000e\000g\000o\000r\000y\000\040\000T\000h\000e\000o\000r\000y}{}% 14
\BOOKMARK [1][-]{section.2.1}{\376\377\000C\000a\000t\000e\000g\000o\000r\000i\000e\000s}{chapter.2}% 15
\BOOKMARK [2][-]{subsection.2.1.1}{\376\377\000S\000e\000c\000t\000i\000o\000n\000s\000\040\000a\000n\000d\000\040\000R\000e\000t\000r\000a\000c\000t\000i\000o\000n\000s}{section.2.1}% 16
\BOOKMARK [2][-]{subsection.2.1.2}{\376\377\000I\000s\000o\000m\000o\000r\000p\000h\000i\000s\000m\000s}{section.2.1}% 17
\BOOKMARK [2][-]{subsection.2.1.3}{\376\377\000I\000n\000i\000t\000i\000a\000l\000\040\000O\000b\000j\000e\000c\000t\000s}{section.2.1}% 18
\BOOKMARK [2][-]{subsection.2.1.4}{\376\377\000T\000e\000r\000m\000i\000n\000a\000l\000\040\000O\000b\000j\000e\000c\000t\000s}{section.2.1}% 19
\BOOKMARK [2][-]{subsection.2.1.5}{\376\377\000Z\000e\000r\000o\000\040\000O\000b\000j\000e\000c\000t\000s}{section.2.1}% 20
\BOOKMARK [2][-]{subsection.2.1.6}{\376\377\000T\000r\000i\000a\000d\000s}{section.2.1}% 21
\BOOKMARK [2][-]{subsection.2.1.7}{\376\377\000C\000o\000t\000r\000i\000a\000d\000s}{section.2.1}% 22
\BOOKMARK [2][-]{subsection.2.1.8}{\376\377\000P\000u\000l\000l\000b\000a\000c\000k\000s}{section.2.1}% 23
\BOOKMARK [2][-]{subsection.2.1.9}{\376\377\000P\000u\000s\000h\000o\000u\000t\000s}{section.2.1}% 24
\BOOKMARK [2][-]{subsection.2.1.10}{\376\377\000S\000u\000b\000c\000a\000t\000e\000g\000o\000r\000i\000e\000s}{section.2.1}% 25
\BOOKMARK [2][-]{subsection.2.1.11}{\376\377\000O\000p\000p\000o\000s\000i\000t\000e\000\040\000C\000a\000t\000e\000g\000o\000r\000y}{section.2.1}% 26
\BOOKMARK [2][-]{subsection.2.1.12}{\376\377\000G\000r\000o\000u\000p\000o\000i\000d\000s}{section.2.1}% 27
\BOOKMARK [2][-]{subsection.2.1.13}{\376\377\000C\000o\000n\000c\000r\000e\000t\000e\000\040\000C\000a\000t\000e\000g\000o\000r\000i\000e\000s}{section.2.1}% 28
\BOOKMARK [2][-]{subsection.2.1.14}{\376\377\000P\000o\000w\000e\000r\000\040\000o\000f\000\040\000C\000a\000t\000e\000g\000o\000r\000i\000e\000s}{section.2.1}% 29
\BOOKMARK [2][-]{subsection.2.1.15}{\376\377\000A\000r\000r\000o\000w\000\040\000C\000a\000t\000e\000g\000o\000r\000y}{section.2.1}% 30
\BOOKMARK [2][-]{subsection.2.1.16}{\376\377\000S\000l\000i\000c\000e\000\040\000C\000a\000t\000e\000g\000o\000r\000y}{section.2.1}% 31
\BOOKMARK [1][-]{section.2.2}{\376\377\000F\000u\000n\000c\000t\000o\000r\000s}{chapter.2}% 32
\BOOKMARK [1][-]{section.2.3}{\376\377\000N\000a\000t\000u\000r\000a\000l\000\040\000T\000r\000a\000n\000s\000f\000o\000r\000m\000a\000t\000i\000o\000n\000s}{chapter.2}% 33
\BOOKMARK [1][-]{section.2.4}{\376\377\000B\000i\000f\000u\000n\000c\000t\000o\000r\000s}{chapter.2}% 34
\BOOKMARK [1][-]{section.2.5}{\376\377\000F\000u\000n\000c\000t\000o\000r\000\040\000C\000a\000t\000e\000g\000o\000r\000i\000e\000s}{chapter.2}% 35
\BOOKMARK [0][-]{chapter.3}{\376\377\000M\000o\000n\000o\000i\000d\000\040\000T\000h\000e\000o\000r\000y}{}% 36
\BOOKMARK [0][-]{chapter.4}{\376\377\000G\000r\000o\000u\000p\000\040\000T\000h\000e\000o\000r\000y}{}% 37
\BOOKMARK [0][-]{chapter.5}{\376\377\000R\000i\000n\000g\000\040\000T\000h\000e\000o\000r\000y}{}% 38
\BOOKMARK [0][-]{chapter.6}{\376\377\000L\000i\000n\000e\000a\000r\000\040\000A\000l\000g\000e\000b\000r\000a}{}% 39
\BOOKMARK [0][-]{chapter.7}{\376\377\000T\000o\000p\000o\000l\000o\000g\000y}{}% 40
\BOOKMARK [1][-]{section.7.1}{\376\377\000T\000o\000p\000o\000l\000o\000g\000i\000c\000a\000l\000\040\000S\000p\000a\000c\000e\000s}{chapter.7}% 41
\BOOKMARK [2][-]{subsection.7.1.1}{\376\377\000S\000u\000b\000s\000p\000a\000c\000e\000s}{section.7.1}% 42
\BOOKMARK [2][-]{subsection.7.1.2}{\376\377\000T\000o\000p\000o\000l\000o\000g\000i\000c\000a\000l\000\040\000D\000i\000s\000j\000o\000i\000n\000t\000\040\000U\000n\000i\000o\000n}{section.7.1}% 43
\BOOKMARK [2][-]{subsection.7.1.3}{\376\377\000P\000r\000o\000d\000u\000c\000t\000\040\000T\000o\000p\000o\000l\000o\000g\000y}{section.7.1}% 44
\BOOKMARK [2][-]{subsection.7.1.4}{\376\377\000B\000a\000s\000e\000s}{section.7.1}% 45
\BOOKMARK [2][-]{subsection.7.1.5}{\376\377\000S\000u\000b\000b\000a\000s\000e\000s}{section.7.1}% 46
\BOOKMARK [2][-]{subsection.7.1.6}{\376\377\000C\000o\000u\000n\000t\000a\000b\000i\000l\000i\000t\000y\000\040\000A\000x\000i\000o\000m\000s}{section.7.1}% 47
\BOOKMARK [1][-]{section.7.2}{\376\377\000C\000o\000n\000t\000i\000n\000u\000o\000u\000s\000\040\000F\000u\000n\000c\000t\000i\000o\000n\000s}{chapter.7}% 48
\BOOKMARK [1][-]{section.7.3}{\376\377\000C\000o\000n\000v\000e\000r\000g\000e\000n\000c\000e}{chapter.7}% 49
\BOOKMARK [1][-]{section.7.4}{\376\377\000C\000o\000n\000n\000e\000c\000t\000e\000d\000\040\000S\000p\000a\000c\000e\000s}{chapter.7}% 50
\BOOKMARK [1][-]{section.7.5}{\376\377\000H\000a\000u\000s\000d\000o\000r\000f\000f\000\040\000S\000p\000a\000c\000e\000s}{chapter.7}% 51
\BOOKMARK [1][-]{section.7.6}{\376\377\000S\000e\000p\000a\000r\000a\000b\000l\000e\000\040\000S\000p\000a\000c\000e\000s}{chapter.7}% 52
\BOOKMARK [1][-]{section.7.7}{\376\377\000S\000e\000q\000u\000e\000n\000t\000i\000a\000l\000\040\000C\000o\000m\000p\000a\000c\000t\000n\000e\000s\000s}{chapter.7}% 53
\BOOKMARK [1][-]{section.7.8}{\376\377\000C\000o\000m\000p\000a\000c\000t\000n\000e\000s\000s}{chapter.7}% 54
\BOOKMARK [1][-]{section.7.9}{\376\377\000Q\000u\000o\000t\000i\000e\000n\000t\000\040\000S\000p\000a\000c\000e\000s}{chapter.7}% 55
\BOOKMARK [1][-]{section.7.10}{\376\377\000G\000l\000u\000i\000n\000g}{chapter.7}% 56
\BOOKMARK [1][-]{section.7.11}{\376\377\000M\000e\000t\000r\000i\000c\000\040\000S\000p\000a\000c\000e\000s}{chapter.7}% 57
\BOOKMARK [1][-]{section.7.12}{\376\377\000C\000o\000m\000p\000l\000e\000t\000e\000\040\000M\000e\000t\000r\000i\000c\000\040\000S\000p\000a\000c\000e\000s}{chapter.7}% 58
\BOOKMARK [1][-]{section.7.13}{\376\377\000M\000a\000n\000i\000f\000o\000l\000d\000s}{chapter.7}% 59
\BOOKMARK [0][-]{chapter.8}{\376\377\000H\000o\000m\000o\000t\000o\000p\000y\000\040\000T\000h\000e\000o\000r\000y}{}% 60
\BOOKMARK [1][-]{section.8.1}{\376\377\000H\000o\000m\000o\000t\000o\000p\000i\000e\000s}{chapter.8}% 61
\BOOKMARK [1][-]{section.8.2}{\376\377\000H\000o\000m\000o\000t\000o\000p\000y\000\040\000E\000q\000u\000i\000v\000a\000l\000e\000n\000c\000e}{chapter.8}% 62
\BOOKMARK [0][-]{chapter.9}{\376\377\000S\000i\000m\000p\000l\000i\000c\000i\000a\000l\000\040\000C\000o\000m\000p\000l\000e\000x\000e\000s}{}% 63
\BOOKMARK [1][-]{section.9.1}{\376\377\000C\000e\000l\000l\000\040\000D\000e\000c\000o\000m\000p\000o\000s\000i\000t\000i\000o\000n\000s}{chapter.9}% 64
\BOOKMARK [1][-]{section.9.2}{\376\377\000C\000W\000-\000c\000o\000m\000p\000l\000e\000x\000e\000s}{chapter.9}% 65
\BOOKMARK [0][-]{chapter.10}{\376\377\000T\000o\000p\000o\000l\000o\000g\000i\000c\000a\000l\000\040\000G\000r\000o\000u\000p\000s}{}% 66
\BOOKMARK [1][-]{section.10.1}{\376\377\000C\000o\000n\000t\000i\000n\000u\000o\000u\000s\000\040\000A\000c\000t\000i\000o\000n\000s}{chapter.10}% 67
\BOOKMARK [0][-]{chapter.11}{\376\377\000T\000o\000p\000o\000l\000o\000g\000i\000c\000a\000l\000\040\000V\000e\000c\000t\000o\000r\000\040\000S\000p\000a\000c\000e\000s}{}% 68
\BOOKMARK [1][-]{section.11.1}{\376\377\000C\000a\000u\000c\000h\000y\000\040\000S\000e\000q\000u\000e\000n\000c\000e\000s}{chapter.11}% 69
\BOOKMARK [1][-]{section.11.2}{\376\377\000S\000e\000m\000i\000n\000o\000r\000m\000s}{chapter.11}% 70
\BOOKMARK [1][-]{section.11.3}{\376\377\000F\000r\000\351\000c\000h\000e\000t\000\040\000S\000p\000a\000c\000e\000s}{chapter.11}% 71
\BOOKMARK [1][-]{section.11.4}{\376\377\000N\000o\000r\000m\000e\000d\000\040\000S\000p\000a\000c\000e\000s}{chapter.11}% 72
\BOOKMARK [1][-]{section.11.5}{\376\377\000I\000n\000n\000e\000r\000\040\000P\000r\000o\000d\000u\000c\000t\000\040\000S\000p\000a\000c\000e\000s}{chapter.11}% 73
\BOOKMARK [1][-]{section.11.6}{\376\377\000B\000a\000n\000a\000c\000h\000\040\000S\000p\000a\000c\000e\000s}{chapter.11}% 74
\BOOKMARK [1][-]{section.11.7}{\376\377\000H\000i\000l\000b\000e\000r\000t\000\040\000S\000p\000a\000c\000e\000s}{chapter.11}% 75
\BOOKMARK [1][-]{section.11.8}{\376\377\000L\000o\000c\000a\000l\000l\000y\000\040\000C\000o\000n\000v\000e\000x\000\040\000S\000p\000a\000c\000e\000s}{chapter.11}% 76
