\BOOKMARK [0][-]{chapter.1}{\376\377\000S\000e\000t\000s\000\040\000a\000n\000d\000\040\000F\000u\000n\000c\000t\000i\000o\000n\000s}{}% 1
\BOOKMARK [1][-]{section.1.1}{\376\377\000P\000r\000i\000m\000i\000t\000i\000v\000e\000\040\000T\000e\000r\000m\000s}{chapter.1}% 2
\BOOKMARK [1][-]{section.1.2}{\376\377\000A\000x\000i\000o\000m\000s}{chapter.1}% 3
\BOOKMARK [2][-]{subsection.1.2.1}{\376\377\000A\000s\000s\000o\000c\000i\000a\000t\000i\000v\000i\000t\000y}{section.1.2}% 4
\BOOKMARK [2][-]{subsection.1.2.2}{\376\377\000I\000d\000e\000n\000t\000i\000t\000y\000\040\000F\000u\000n\000c\000t\000i\000o\000n\000s}{section.1.2}% 5
\BOOKMARK [2][-]{subsection.1.2.3}{\376\377\000T\000h\000e\000\040\000T\000e\000r\000m\000i\000n\000a\000l\000\040\000S\000e\000t}{section.1.2}% 6
\BOOKMARK [2][-]{subsection.1.2.4}{\376\377\000T\000h\000e\000\040\000E\000m\000p\000t\000y\000\040\000S\000e\000t}{section.1.2}% 7
\BOOKMARK [2][-]{subsection.1.2.5}{\376\377\000P\000r\000o\000d\000u\000c\000t\000s}{section.1.2}% 8
\BOOKMARK [2][-]{subsection.1.2.6}{\376\377\000F\000u\000n\000c\000t\000i\000o\000n\000\040\000S\000e\000t\000s}{section.1.2}% 9
\BOOKMARK [2][-]{subsection.1.2.7}{\376\377\000I\000n\000v\000e\000r\000s\000e\000\040\000I\000m\000a\000g\000e\000s}{section.1.2}% 10
\BOOKMARK [2][-]{subsection.1.2.8}{\376\377\000T\000h\000e\000\040\000S\000u\000b\000s\000e\000t\000\040\000C\000l\000a\000s\000s\000i\000f\000i\000e\000r}{section.1.2}% 11
\BOOKMARK [2][-]{subsection.1.2.9}{\376\377\000T\000h\000e\000\040\000N\000a\000t\000u\000r\000a\000l\000\040\000N\000u\000m\000b\000e\000r\000s}{section.1.2}% 12
\BOOKMARK [2][-]{subsection.1.2.10}{\376\377\000T\000h\000e\000\040\000A\000x\000i\000o\000m\000\040\000o\000f\000\040\000C\000h\000o\000i\000c\000e}{section.1.2}% 13
\BOOKMARK [1][-]{section.1.3}{\376\377\000S\000e\000c\000t\000i\000o\000n\000s\000\040\000a\000n\000d\000\040\000R\000e\000t\000r\000a\000c\000t\000i\000o\000n\000s}{chapter.1}% 14
\BOOKMARK [1][-]{section.1.4}{\376\377\000I\000s\000o\000m\000o\000r\000p\000h\000i\000s\000m\000s}{chapter.1}% 15
\BOOKMARK [1][-]{section.1.5}{\376\377\000S\000u\000b\000s\000e\000t\000s}{chapter.1}% 16
\BOOKMARK [1][-]{section.1.6}{\376\377\000I\000n\000t\000e\000r\000s\000e\000c\000t\000i\000o\000n\000s}{chapter.1}% 17
\BOOKMARK [1][-]{section.1.7}{\376\377\000P\000u\000l\000l\000b\000a\000c\000k\000s}{chapter.1}% 18
\BOOKMARK [1][-]{section.1.8}{\376\377\000F\000u\000n\000c\000t\000i\000o\000n\000s}{chapter.1}% 19
\BOOKMARK [1][-]{section.1.9}{\376\377\000T\000h\000e\000\040\000I\000n\000t\000e\000r\000n\000a\000l\000\040\000L\000o\000g\000i\000c}{chapter.1}% 20
\BOOKMARK [1][-]{section.1.10}{\376\377\000F\000u\000n\000c\000t\000i\000o\000n\000s}{chapter.1}% 21
\BOOKMARK [1][-]{section.1.11}{\376\377\000E\000q\000u\000a\000l\000i\000z\000e\000r\000s}{chapter.1}% 22
\BOOKMARK [1][-]{section.1.12}{\376\377\000T\000h\000e\000\040\000E\000m\000p\000t\000y\000\040\000S\000e\000t}{chapter.1}% 23
\BOOKMARK [1][-]{section.1.13}{\376\377\000U\000n\000i\000v\000e\000r\000s\000a\000l\000\040\000Q\000u\000a\000n\000t\000i\000f\000i\000c\000a\000t\000i\000o\000n}{chapter.1}% 24
\BOOKMARK [1][-]{section.1.14}{\376\377\000I\000n\000t\000e\000r\000s\000e\000c\000t\000i\000o\000n}{chapter.1}% 25
\BOOKMARK [1][-]{section.1.15}{\376\377\000U\000n\000i\000o\000n}{chapter.1}% 26
