\BOOKMARK [0][-]{chapter.1}{\376\377\000P\000r\000i\000m\000i\000t\000i\000v\000e\000\040\000T\000e\000r\000m\000s\000\040\000a\000n\000d\000\040\000A\000x\000i\000o\000m\000s}{}% 1
\BOOKMARK [0][-]{chapter.2}{\376\377\000B\000a\000s\000i\000c\000\040\000P\000r\000o\000p\000e\000r\000t\000i\000e\000s\000\040\000a\000n\000d\000\040\000O\000p\000e\000r\000a\000t\000i\000o\000n\000s\000\040\000o\000n\000\040\000S\000e\000t\000s}{}% 2
\BOOKMARK [1][-]{section.2.1}{\376\377\000T\000h\000e\000\040\000S\000u\000b\000s\000e\000t\000\040\000R\000e\000l\000a\000t\000i\000o\000n}{chapter.2}% 3
\BOOKMARK [1][-]{section.2.2}{\376\377\000C\000o\000m\000p\000r\000e\000h\000e\000n\000s\000i\000o\000n\000\040\000N\000o\000t\000a\000t\000i\000o\000n}{chapter.2}% 4
\BOOKMARK [1][-]{section.2.3}{\376\377\000T\000h\000e\000\040\000E\000m\000p\000t\000y\000\040\000S\000e\000t}{chapter.2}% 5
\BOOKMARK [1][-]{section.2.4}{\376\377\000U\000n\000o\000r\000d\000e\000r\000e\000d\000\040\000P\000a\000i\000r\000s}{chapter.2}% 6
\BOOKMARK [1][-]{section.2.5}{\376\377\000U\000n\000i\000o\000n\000s}{chapter.2}% 7
\BOOKMARK [1][-]{section.2.6}{\376\377\000I\000n\000t\000e\000r\000s\000e\000c\000t\000i\000o\000n\000s}{chapter.2}% 8
\BOOKMARK [1][-]{section.2.7}{\376\377\000U\000n\000o\000r\000d\000e\000r\000e\000d\000\040\000T\000r\000i\000p\000l\000e\000s}{chapter.2}% 9
\BOOKMARK [1][-]{section.2.8}{\376\377\000R\000e\000l\000a\000t\000i\000v\000e\000\040\000C\000o\000m\000p\000l\000e\000m\000e\000n\000t\000s}{chapter.2}% 10
\BOOKMARK [1][-]{section.2.9}{\376\377\000S\000y\000m\000m\000e\000t\000r\000i\000c\000\040\000D\000i\000f\000f\000e\000r\000e\000n\000c\000e}{chapter.2}% 11
\BOOKMARK [1][-]{section.2.10}{\376\377\000P\000o\000w\000e\000r\000\040\000S\000e\000t\000s}{chapter.2}% 12
\BOOKMARK [0][-]{chapter.3}{\376\377\000R\000e\000l\000a\000t\000i\000o\000n\000s\000\040\000a\000n\000d\000\040\000F\000u\000n\000c\000t\000i\000o\000n\000s}{}% 13
\BOOKMARK [1][-]{section.3.1}{\376\377\000O\000r\000d\000e\000r\000e\000d\000\040\000P\000a\000i\000r\000s}{chapter.3}% 14
\BOOKMARK [1][-]{section.3.2}{\376\377\000R\000e\000l\000a\000t\000i\000o\000n\000s}{chapter.3}% 15
\BOOKMARK [1][-]{section.3.3}{\376\377\000C\000o\000m\000p\000o\000s\000i\000t\000i\000o\000n}{chapter.3}% 16
\BOOKMARK [1][-]{section.3.4}{\376\377\000I\000n\000v\000e\000r\000s\000e\000s}{chapter.3}% 17
\BOOKMARK [1][-]{section.3.5}{\376\377\000E\000q\000u\000i\000v\000a\000l\000e\000n\000c\000e\000\040\000R\000e\000l\000a\000t\000i\000o\000n\000s}{chapter.3}% 18
\BOOKMARK [1][-]{section.3.6}{\376\377\000F\000u\000n\000c\000t\000i\000o\000n\000s}{chapter.3}% 19
\BOOKMARK [1][-]{section.3.7}{\376\377\000F\000a\000m\000i\000l\000i\000e\000s}{chapter.3}% 20
\BOOKMARK [1][-]{section.3.8}{\376\377\000I\000n\000v\000e\000r\000s\000e\000s\000\040\000a\000n\000d\000\040\000C\000o\000m\000p\000o\000s\000i\000t\000e\000s\000\040\000o\000f\000\040\000F\000u\000n\000c\000t\000i\000o\000n\000s}{chapter.3}% 21
\BOOKMARK [2][-]{subsection.3.8.1}{\376\377\000I\000n\000v\000e\000r\000s\000e\000\040\000I\000m\000a\000g\000e}{section.3.8}% 22
\BOOKMARK [2][-]{subsection.3.8.2}{\376\377\000I\000n\000v\000e\000r\000s\000e\000\040\000o\000f\000\040\000a\000\040\000F\000u\000n\000c\000t\000i\000o\000n}{section.3.8}% 23
\BOOKMARK [1][-]{section.3.9}{\376\377\000C\000h\000o\000i\000c\000e\000\040\000F\000u\000n\000c\000t\000i\000o\000n\000s}{chapter.3}% 24
\BOOKMARK [0][-]{chapter.4}{\376\377\000E\000q\000u\000i\000v\000a\000l\000e\000n\000c\000e}{}% 25
\BOOKMARK [0][-]{chapter.5}{\376\377\000O\000r\000d\000e\000r}{}% 26
\BOOKMARK [1][-]{section.5.1}{\376\377\000P\000a\000r\000t\000i\000a\000l\000\040\000O\000r\000d\000e\000r\000s}{chapter.5}% 27
\BOOKMARK [1][-]{section.5.2}{\376\377\000L\000i\000n\000e\000a\000r\000\040\000O\000r\000d\000e\000r\000s}{chapter.5}% 28
\BOOKMARK [1][-]{section.5.3}{\376\377\000L\000i\000n\000e\000a\000r\000\040\000C\000o\000n\000t\000i\000n\000u\000a}{chapter.5}% 29
\BOOKMARK [1][-]{section.5.4}{\376\377\000W\000e\000l\000l\000\040\000O\000r\000d\000e\000r\000i\000n\000g\000s}{chapter.5}% 30
\BOOKMARK [0][-]{chapter.6}{\376\377\000N\000a\000t\000u\000r\000a\000l\000\040\000N\000u\000m\000b\000e\000r\000s}{}% 31
\BOOKMARK [1][-]{section.6.1}{\376\377\000N\000a\000t\000u\000r\000a\000l\000\040\000N\000u\000m\000b\000e\000r\000s}{chapter.6}% 32
\BOOKMARK [0][-]{chapter.7}{\376\377\000O\000r\000d\000i\000n\000a\000l\000\040\000N\000u\000m\000b\000e\000r\000s}{}% 33
\BOOKMARK [1][-]{section.7.1}{\376\377\000O\000r\000d\000e\000r\000\040\000o\000n\000\040\000t\000h\000e\000\040\000N\000a\000t\000u\000r\000a\000l\000\040\000N\000u\000m\000b\000e\000r\000s}{chapter.7}% 34
\BOOKMARK [1][-]{section.7.2}{\376\377\000F\000i\000n\000i\000t\000e\000\040\000S\000e\000t\000s}{chapter.7}% 35
\BOOKMARK [1][-]{section.7.3}{\376\377\000O\000r\000d\000i\000n\000a\000l\000\040\000A\000r\000i\000t\000h\000m\000e\000t\000i\000c}{chapter.7}% 36
\BOOKMARK [1][-]{section.7.4}{\376\377\000A\000r\000i\000t\000h\000m\000e\000t\000i\000c\000\040\000o\000n\000\040\000t\000h\000e\000\040\000N\000a\000t\000u\000r\000a\000l\000\040\000N\000u\000m\000b\000e\000r\000s}{chapter.7}% 37
\BOOKMARK [0][-]{chapter.8}{\376\377\000C\000o\000u\000n\000t\000a\000b\000l\000e\000\040\000S\000e\000t\000s}{}% 38
\BOOKMARK [0][-]{chapter.9}{\376\377\000C\000a\000r\000d\000i\000n\000a\000l\000\040\000N\000u\000m\000b\000e\000r\000s}{}% 39
\BOOKMARK [1][-]{section.9.1}{\376\377\000C\000a\000r\000d\000i\000n\000a\000l\000\040\000A\000r\000i\000t\000h\000m\000e\000t\000i\000c}{chapter.9}% 40
\BOOKMARK [1][-]{section.9.2}{\376\377\000A\000l\000e\000p\000h\000s}{chapter.9}% 41
\BOOKMARK [0][-]{chapter.10}{\376\377\000F\000i\000e\000l\000d\000\040\000T\000h\000e\000o\000r\000y}{}% 42
\BOOKMARK [0][-]{chapter.11}{\376\377\000R\000e\000a\000l\000\040\000N\000u\000m\000b\000e\000r\000s}{}% 43
\BOOKMARK [1][-]{section.11.1}{\376\377\000A\000x\000i\000o\000m\000s\000\040\000f\000o\000r\000\040\000R\000e\000a\000l\000\040\000N\000u\000m\000b\000e\000r\000s}{chapter.11}% 44
\BOOKMARK [1][-]{section.11.2}{\376\377\000C\000o\000n\000s\000e\000q\000u\000e\000n\000c\000e\000s\000\040\000o\000f\000\040\000t\000h\000e\000\040\000A\000x\000i\000o\000m\000s}{chapter.11}% 45
\BOOKMARK [2][-]{subsection.11.2.1}{\376\377\000N\000e\000g\000a\000t\000i\000o\000n}{section.11.2}% 46
\BOOKMARK [2][-]{subsection.11.2.2}{\376\377\000S\000u\000b\000t\000r\000a\000c\000t\000i\000o\000n}{section.11.2}% 47
\BOOKMARK [0][-]{chapter.12}{\376\377\000I\000n\000t\000e\000g\000e\000r\000s\000\040\000a\000n\000d\000\040\000R\000a\000t\000i\000o\000n\000a\000l\000s}{}% 48
\BOOKMARK [1][-]{section.12.1}{\376\377\000P\000o\000s\000i\000t\000i\000v\000e\000\040\000I\000n\000t\000e\000g\000e\000r\000s}{chapter.12}% 49
\BOOKMARK [1][-]{section.12.2}{\376\377\000I\000n\000t\000e\000g\000e\000r\000s}{chapter.12}% 50
